[13-Feb-2025 22:28:25 UTC] Automatic updates starting...
[13-Feb-2025 22:28:26 UTC] Automatic updates complete.
[13-Feb-2025 22:28:27 UTC] PHP Deprecated:  Function wp_update_https_detection_errors is <strong>deprecated</strong> since version 6.4.0 with no alternative available. in /Applications/XAMPP/xamppfiles/htdocs/college_project/wp-includes/functions.php on line 6114
[14-Feb-2025 01:10:41 UTC] Automatic updates starting...
[14-Feb-2025 01:10:41 UTC] Automatic updates complete.
[14-Feb-2025 01:13:33 UTC] PHP Warning:  Undefined array key "message" in /Applications/XAMPP/xamppfiles/htdocs/college_project/wp-content/themes/university-hub/lib/widget-base/class-widget-base.php on line 75
[14-Feb-2025 01:13:44 UTC] PHP Warning:  Undefined array key "message" in /Applications/XAMPP/xamppfiles/htdocs/college_project/wp-content/themes/university-hub/lib/widget-base/class-widget-base.php on line 75
[14-Feb-2025 01:13:44 UTC] PHP Warning:  Undefined array key "message" in /Applications/XAMPP/xamppfiles/htdocs/college_project/wp-content/themes/university-hub/lib/widget-base/class-widget-base.php on line 75
[14-Feb-2025 01:13:45 UTC] PHP Warning:  Undefined array key "message" in /Applications/XAMPP/xamppfiles/htdocs/college_project/wp-content/themes/university-hub/lib/widget-base/class-widget-base.php on line 75
[14-Feb-2025 01:13:45 UTC] PHP Warning:  Undefined array key "message" in /Applications/XAMPP/xamppfiles/htdocs/college_project/wp-content/themes/university-hub/lib/widget-base/class-widget-base.php on line 75
[14-Feb-2025 01:13:48 UTC] PHP Warning:  Undefined array key "message" in /Applications/XAMPP/xamppfiles/htdocs/college_project/wp-content/themes/university-hub/lib/widget-base/class-widget-base.php on line 75
[14-Feb-2025 01:13:49 UTC] PHP Warning:  Undefined array key "message" in /Applications/XAMPP/xamppfiles/htdocs/college_project/wp-content/themes/university-hub/lib/widget-base/class-widget-base.php on line 75
[14-Feb-2025 01:13:49 UTC] PHP Warning:  Undefined array key "message" in /Applications/XAMPP/xamppfiles/htdocs/college_project/wp-content/themes/university-hub/lib/widget-base/class-widget-base.php on line 75
[14-Feb-2025 01:13:50 UTC] PHP Warning:  Undefined array key "message" in /Applications/XAMPP/xamppfiles/htdocs/college_project/wp-content/themes/university-hub/lib/widget-base/class-widget-base.php on line 75
[14-Feb-2025 01:13:51 UTC] PHP Warning:  Undefined array key "message" in /Applications/XAMPP/xamppfiles/htdocs/college_project/wp-content/themes/university-hub/lib/widget-base/class-widget-base.php on line 75
[14-Feb-2025 01:13:57 UTC] PHP Warning:  Undefined array key "message" in /Applications/XAMPP/xamppfiles/htdocs/college_project/wp-content/themes/university-hub/lib/widget-base/class-widget-base.php on line 75
[14-Feb-2025 01:14:47 UTC] PHP Warning:  Undefined array key "message" in /Applications/XAMPP/xamppfiles/htdocs/college_project/wp-content/themes/university-hub/lib/widget-base/class-widget-base.php on line 75
[14-Feb-2025 01:15:16 UTC] PHP Warning:  Undefined array key "message" in /Applications/XAMPP/xamppfiles/htdocs/college_project/wp-content/themes/university-hub/lib/widget-base/class-widget-base.php on line 75
[14-Feb-2025 01:15:20 UTC] PHP Warning:  Undefined array key "message" in /Applications/XAMPP/xamppfiles/htdocs/college_project/wp-content/themes/university-hub/lib/widget-base/class-widget-base.php on line 75
[14-Feb-2025 01:15:22 UTC] PHP Warning:  Undefined array key "message" in /Applications/XAMPP/xamppfiles/htdocs/college_project/wp-content/themes/university-hub/lib/widget-base/class-widget-base.php on line 75
[14-Feb-2025 01:17:26 UTC] PHP Warning:  Undefined array key "disable_date" in /Applications/XAMPP/xamppfiles/htdocs/college_project/wp-content/themes/university-hub/lib/widget-base/class-widget-base.php on line 75
[14-Feb-2025 01:17:34 UTC] PHP Warning:  Undefined array key "disable_date" in /Applications/XAMPP/xamppfiles/htdocs/college_project/wp-content/themes/university-hub/lib/widget-base/class-widget-base.php on line 75
[14-Feb-2025 01:17:36 UTC] PHP Warning:  Undefined array key "disable_date" in /Applications/XAMPP/xamppfiles/htdocs/college_project/wp-content/themes/university-hub/lib/widget-base/class-widget-base.php on line 75
[14-Feb-2025 01:17:37 UTC] PHP Warning:  Undefined array key "disable_date" in /Applications/XAMPP/xamppfiles/htdocs/college_project/wp-content/themes/university-hub/lib/widget-base/class-widget-base.php on line 75
[14-Feb-2025 01:17:37 UTC] PHP Warning:  Undefined array key "disable_date" in /Applications/XAMPP/xamppfiles/htdocs/college_project/wp-content/themes/university-hub/lib/widget-base/class-widget-base.php on line 75
[14-Feb-2025 01:17:38 UTC] PHP Warning:  Undefined array key "disable_date" in /Applications/XAMPP/xamppfiles/htdocs/college_project/wp-content/themes/university-hub/lib/widget-base/class-widget-base.php on line 75
[14-Feb-2025 01:17:39 UTC] PHP Warning:  Undefined array key "disable_date" in /Applications/XAMPP/xamppfiles/htdocs/college_project/wp-content/themes/university-hub/lib/widget-base/class-widget-base.php on line 75
[14-Feb-2025 01:17:41 UTC] PHP Warning:  Undefined array key "disable_date" in /Applications/XAMPP/xamppfiles/htdocs/college_project/wp-content/themes/university-hub/lib/widget-base/class-widget-base.php on line 75
[14-Feb-2025 01:17:41 UTC] PHP Warning:  Undefined array key "disable_date" in /Applications/XAMPP/xamppfiles/htdocs/college_project/wp-content/themes/university-hub/lib/widget-base/class-widget-base.php on line 75
[14-Feb-2025 01:17:41 UTC] PHP Warning:  Undefined array key "disable_date" in /Applications/XAMPP/xamppfiles/htdocs/college_project/wp-content/themes/university-hub/lib/widget-base/class-widget-base.php on line 75
[14-Feb-2025 01:17:41 UTC] PHP Warning:  Undefined array key "disable_date" in /Applications/XAMPP/xamppfiles/htdocs/college_project/wp-content/themes/university-hub/lib/widget-base/class-widget-base.php on line 75
[14-Feb-2025 01:17:42 UTC] PHP Warning:  Undefined array key "disable_date" in /Applications/XAMPP/xamppfiles/htdocs/college_project/wp-content/themes/university-hub/lib/widget-base/class-widget-base.php on line 75
[14-Feb-2025 01:17:42 UTC] PHP Warning:  Undefined array key "disable_date" in /Applications/XAMPP/xamppfiles/htdocs/college_project/wp-content/themes/university-hub/lib/widget-base/class-widget-base.php on line 75
[14-Feb-2025 01:17:43 UTC] PHP Warning:  Undefined array key "disable_date" in /Applications/XAMPP/xamppfiles/htdocs/college_project/wp-content/themes/university-hub/lib/widget-base/class-widget-base.php on line 75
[14-Feb-2025 01:17:43 UTC] PHP Warning:  Undefined array key "disable_date" in /Applications/XAMPP/xamppfiles/htdocs/college_project/wp-content/themes/university-hub/lib/widget-base/class-widget-base.php on line 75
[14-Feb-2025 01:17:43 UTC] PHP Warning:  Undefined array key "disable_date" in /Applications/XAMPP/xamppfiles/htdocs/college_project/wp-content/themes/university-hub/lib/widget-base/class-widget-base.php on line 75
[14-Feb-2025 01:17:45 UTC] PHP Warning:  Undefined array key "disable_date" in /Applications/XAMPP/xamppfiles/htdocs/college_project/wp-content/themes/university-hub/lib/widget-base/class-widget-base.php on line 75
[14-Feb-2025 01:17:45 UTC] PHP Warning:  Undefined array key "disable_date" in /Applications/XAMPP/xamppfiles/htdocs/college_project/wp-content/themes/university-hub/lib/widget-base/class-widget-base.php on line 75
[14-Feb-2025 01:17:45 UTC] PHP Warning:  Undefined array key "disable_date" in /Applications/XAMPP/xamppfiles/htdocs/college_project/wp-content/themes/university-hub/lib/widget-base/class-widget-base.php on line 75
[14-Feb-2025 01:17:46 UTC] PHP Warning:  Undefined array key "disable_date" in /Applications/XAMPP/xamppfiles/htdocs/college_project/wp-content/themes/university-hub/lib/widget-base/class-widget-base.php on line 75
[14-Feb-2025 01:17:46 UTC] PHP Warning:  Undefined array key "disable_date" in /Applications/XAMPP/xamppfiles/htdocs/college_project/wp-content/themes/university-hub/lib/widget-base/class-widget-base.php on line 75
[14-Feb-2025 01:18:04 UTC] PHP Warning:  Undefined array key "disable_date" in /Applications/XAMPP/xamppfiles/htdocs/college_project/wp-content/themes/university-hub/lib/widget-base/class-widget-base.php on line 75
[14-Feb-2025 01:28:24 UTC] WordPress database error Duplicate entry '57-4' for key 'PRIMARY' for query INSERT INTO `wp_term_relationships` (`object_id`, `term_taxonomy_id`) VALUES (57, 4) made by wp_nav_menu_update_menu_items, wp_update_nav_menu_item, wp_set_object_terms
[14-Feb-2025 01:30:19 UTC] PHP Warning:  Undefined array key "disable_date" in /Applications/XAMPP/xamppfiles/htdocs/college_project/wp-content/themes/university-hub/lib/widget-base/class-widget-base.php on line 75
[14-Feb-2025 01:30:48 UTC] PHP Warning:  Undefined array key "disable_date" in /Applications/XAMPP/xamppfiles/htdocs/college_project/wp-content/themes/university-hub/lib/widget-base/class-widget-base.php on line 75
[14-Feb-2025 01:30:48 UTC] PHP Warning:  Undefined array key "disable_date" in /Applications/XAMPP/xamppfiles/htdocs/college_project/wp-content/themes/university-hub/lib/widget-base/class-widget-base.php on line 75
[14-Feb-2025 01:30:48 UTC] PHP Warning:  Undefined array key "disable_date" in /Applications/XAMPP/xamppfiles/htdocs/college_project/wp-content/themes/university-hub/lib/widget-base/class-widget-base.php on line 75
[14-Feb-2025 01:30:49 UTC] PHP Warning:  Undefined array key "disable_date" in /Applications/XAMPP/xamppfiles/htdocs/college_project/wp-content/themes/university-hub/lib/widget-base/class-widget-base.php on line 75
[14-Feb-2025 01:30:49 UTC] PHP Warning:  Undefined array key "disable_date" in /Applications/XAMPP/xamppfiles/htdocs/college_project/wp-content/themes/university-hub/lib/widget-base/class-widget-base.php on line 75
[14-Feb-2025 01:30:50 UTC] PHP Warning:  Undefined array key "disable_date" in /Applications/XAMPP/xamppfiles/htdocs/college_project/wp-content/themes/university-hub/lib/widget-base/class-widget-base.php on line 75
[14-Feb-2025 01:30:50 UTC] PHP Warning:  Undefined array key "disable_date" in /Applications/XAMPP/xamppfiles/htdocs/college_project/wp-content/themes/university-hub/lib/widget-base/class-widget-base.php on line 75
[14-Feb-2025 01:30:50 UTC] PHP Warning:  Undefined array key "disable_date" in /Applications/XAMPP/xamppfiles/htdocs/college_project/wp-content/themes/university-hub/lib/widget-base/class-widget-base.php on line 75
[14-Feb-2025 01:30:51 UTC] PHP Warning:  Undefined array key "disable_date" in /Applications/XAMPP/xamppfiles/htdocs/college_project/wp-content/themes/university-hub/lib/widget-base/class-widget-base.php on line 75
[14-Feb-2025 01:30:51 UTC] PHP Warning:  Undefined array key "disable_date" in /Applications/XAMPP/xamppfiles/htdocs/college_project/wp-content/themes/university-hub/lib/widget-base/class-widget-base.php on line 75
[14-Feb-2025 01:30:54 UTC] PHP Warning:  Undefined array key "disable_date" in /Applications/XAMPP/xamppfiles/htdocs/college_project/wp-content/themes/university-hub/lib/widget-base/class-widget-base.php on line 75
[14-Feb-2025 01:32:38 UTC] PHP Warning:  Undefined array key "anylc_nonce" in /Applications/XAMPP/xamppfiles/htdocs/college_project/wp-content/plugins/meta-slider-and-carousel-with-lightbox/wpos-analytics/includes/class-anylc-admin.php on line 268
[14-Feb-2025 01:53:34 UTC] PHP Warning:  Undefined array key "disable_date" in /Applications/XAMPP/xamppfiles/htdocs/college_project/wp-content/themes/university-hub/lib/widget-base/class-widget-base.php on line 75
[14-Feb-2025 01:53:36 UTC] PHP Warning:  Undefined array key "disable_date" in /Applications/XAMPP/xamppfiles/htdocs/college_project/wp-content/themes/university-hub/lib/widget-base/class-widget-base.php on line 75
[14-Feb-2025 13:12:26 UTC] Automatic updates starting...
[14-Feb-2025 13:12:26 UTC] Automatic updates complete.
